<?xml version="1.0" encoding="UTF-8"?>
<!-- Generated by org.testng.reporters.JUnitReportReporter -->
<testsuite hostname="DESKTOP-2G0J7G7" failures="0" tests="1" name="Tests.InsurancePremiumTest" time="20.546" errors="0" timestamp="2024-06-18T21:23:43 IST" skipped="0">
  <testcase classname="Tests.InsurancePremiumTest" name="restAssureNivaTest" time="20.546"/>
</testsuite> <!-- Tests.InsurancePremiumTest -->
