<?xml version="1.0" encoding="UTF-8"?>
<!-- Generated by org.testng.reporters.JUnitReportReporter -->
<testsuite hostname="DESKTOP-2G0J7G7" failures="0" tests="1" name="Tests.InsurancePremiumTest" time="138.811" errors="0" timestamp="2024-06-19T13:26:54 IST" skipped="0">
  <testcase classname="Tests.InsurancePremiumTest" name="restAssureNivaTest" time="138.811"/>
</testsuite> <!-- Tests.InsurancePremiumTest -->
